2025-05-24 01:04:36,626 - semgrep.run_scan - DEBUG - semgrep version 1.2.0
2025-05-24 01:04:36,631 - semgrep.config_resolver - DEBUG - Loading local config from /home/runner/workspace/.config/.semgrep/semgrep_rules.json
2025-05-24 01:04:36,634 - semgrep.config_resolver - DEBUG - Done loading local config from /home/runner/workspace/.config/.semgrep/semgrep_rules.json
2025-05-24 01:04:36,636 - semgrep.config_resolver - DEBUG - Saving rules to /tmp/semgrep-z7903n2q.rules
2025-05-24 01:04:36,797 - semgrep.semgrep_core - DEBUG - Failed to open resource semgrep-core-proprietary: [Errno 2] No such file or directory: '/tmp/_MEILYzfVG/semgrep/bin/semgrep-core-proprietary'.
2025-05-24 01:04:37,265 - semgrep.rule_lang - DEBUG - semgrep-core validation response: valid=True
2025-05-24 01:04:37,265 - semgrep.rule_lang - DEBUG - semgrep-core validation succeeded
2025-05-24 01:04:37,265 - semgrep.rule_lang - DEBUG - RPC validation succeeded
2025-05-24 01:04:37,265 - semgrep.config_resolver - DEBUG - loaded 1 configs in 0.6343259811401367
2025-05-24 01:04:37,326 - semgrep.run_scan - VERBOSE - running 711 rules from 1 config /home/runner/workspace/.config/.semgrep/semgrep_rules.json_0
2025-05-24 01:04:37,327 - semgrep.run_scan - VERBOSE - No .semgrepignore found. Using default .semgrepignore rules. See the docs for the list of default ignores: https://semgrep.dev/docs/cli-usage/#ignore-files
2025-05-24 01:04:37,328 - semgrep.run_scan - VERBOSE - Rules:
2025-05-24 01:04:37,328 - semgrep.run_scan - VERBOSE - <SKIPPED DATA (too many entries; use --max-log-list-entries)>
2025-05-24 01:04:37,434 - semgrep.core_runner - DEBUG - Passing whole rules directly to semgrep_core
2025-05-24 01:04:37,518 - semgrep.core_runner - DEBUG - Running Semgrep engine with command:
2025-05-24 01:04:37,518 - semgrep.core_runner - DEBUG - /tmp/_MEILYzfVG/semgrep/bin/opengrep-core -json -rules /tmp/tmpcboaxrtu.json -j 8 -targets /tmp/tmpsv6hk9_4 -timeout 5 -timeout_threshold 3 -max_memory 0 -fast
2025-05-24 01:04:38,600 - semgrep.core_runner - DEBUG - --- semgrep-core stderr ---
[00.07][[34mINFO[0m]: Executed as: /tmp/_MEILYzfVG/semgrep/bin/opengrep-core -json -rules /tmp/tmpcboaxrtu.json -j 8 -targets /tmp/tmpsv6hk9_4 -timeout 5 -timeout_threshold 3 -max_memory 0 -fast
[00.07][[34mINFO[0m]: Version: 1.2.0
[00.07][[34mINFO[0m]: Parsing rules in /tmp/tmpcboaxrtu.json
[00.55][[34mINFO[0m]: scan: processing 51 files (skipping 0), with 444 rules (skipping 0 )
[01.04][[34mINFO[0m]: Custom ignore pattern: None
[01.04][[34mINFO[0m]: Custom ignore pattern: None
--- end semgrep-core stderr ---
2025-05-24 01:04:38,606 - semgrep.core_runner - DEBUG - semgrep ran in 0:00:01.171934 on 21 files
2025-05-24 01:04:38,607 - semgrep.core_runner - DEBUG - findings summary: 0 warning, 0 error, 0 info
2025-05-24 01:04:38,609 - semgrep.app.auth - DEBUG - Getting API token from settings file
2025-05-24 01:04:38,609 - semgrep.app.auth - DEBUG - No API token found in settings file
2025-05-24 01:04:38,610 - semgrep.semgrep_core - DEBUG - Failed to open resource semgrep-core-proprietary: [Errno 2] No such file or directory: '/tmp/_MEILYzfVG/semgrep/bin/semgrep-core-proprietary'.
2025-05-24 01:04:38,724 - semgrep.output - VERBOSE - 
========================================
Files skipped:
========================================

  Always skipped by Opengrep:

   • <none>

  Skipped by .gitignore:
  (Disable by passing --no-git-ignore)

   • <all files not listed by `git ls-files` were skipped>

  Skipped by .semgrepignore:
  - https://semgrep.dev/docs/ignoring-files-folders-code/#understand-semgrep-defaults

   • <none>

  Skipped by --include patterns:

   • <none>

  Skipped by --exclude patterns:

   • <none>

  Files skipped due to insufficient read permissions:

   • <none>

  Skipped by limiting to files smaller than 1000000 bytes:
  (Adjust with the --max-target-bytes flag)

   • <none>

  Partially analyzed due to parsing or internal Opengrep errors

   • <none>

2025-05-24 01:04:38,725 - semgrep.output - INFO - Some files were skipped or only partially analyzed.
  Scan was limited to files tracked by git.

Ran 424 rules on 21 files: 0 findings.
2025-05-24 01:04:38,725 - semgrep.app.version - DEBUG - Version cache does not exist
2025-05-24 01:04:38,725 - semgrep.app.version - DEBUG - Version cache does not exist
2025-05-24 01:04:38,740 - semgrep.metrics - VERBOSE - Not sending pseudonymous metrics since metrics are configured to OFF and registry usage is False
